2024-01-22 22:12:24 - INFO - Entry written to database
2024-01-22 22:12:25 - INFO - Entry written to database
2024-01-22 22:13:05 - INFO - RSS Service Complete at 2024-01-22T22:13:05.816069
2024-01-22 22:21:49 - INFO - Entry written to database
2024-01-26 11:51:30 - INFO - Entry written to database
2024-01-26 11:51:30 - INFO - Entry written to database
2024-01-26 11:51:30 - INFO - Entry written to database
2024-01-26 11:51:31 - INFO - Entry written to database
2024-01-26 11:51:31 - INFO - Entry written to database
2024-01-26 11:51:31 - INFO - Entry written to database
2024-01-26 11:51:31 - INFO - Entry written to database
2024-01-26 11:51:31 - INFO - Entry written to database
2024-01-26 11:51:31 - INFO - Entry written to database
2024-01-26 11:51:31 - INFO - Entry written to database
2024-01-26 11:51:32 - INFO - Entry written to database
2024-01-26 11:51:32 - INFO - Entry written to database
2024-01-26 11:51:32 - INFO - Entry written to database
2024-01-26 11:51:32 - INFO - Entry written to database
2024-01-26 11:51:32 - INFO - Entry written to database
2024-01-26 11:51:32 - INFO - Entry written to database
2024-01-26 11:51:32 - INFO - Entry written to database
2024-01-26 11:51:32 - INFO - Entry written to database
2024-01-26 11:51:33 - INFO - Entry written to database
2024-01-26 11:51:33 - INFO - Entry written to database
2024-01-26 11:51:33 - INFO - Entry written to database
2024-01-26 11:51:33 - INFO - Entry written to database
2024-01-26 11:51:33 - INFO - Entry written to database
2024-01-26 11:51:33 - INFO - Entry written to database
2024-01-26 11:51:33 - INFO - Entry written to database
2024-01-26 11:51:33 - INFO - Entry written to database
2024-01-26 11:51:33 - INFO - Entry written to database
2024-01-26 11:51:33 - INFO - Entry written to database
2024-01-26 11:51:34 - INFO - Entry written to database
2024-01-26 11:51:34 - INFO - Entry written to database
2024-01-26 11:51:34 - INFO - Entry written to database
2024-01-26 11:51:34 - INFO - Entry written to database
2024-01-26 11:51:35 - INFO - Entry written to database
2024-01-26 11:51:35 - INFO - Entry written to database
2024-01-26 11:51:35 - INFO - Entry written to database
2024-01-26 11:51:35 - INFO - Entry written to database
2024-01-26 11:51:35 - INFO - Entry written to database
2024-01-26 11:51:35 - INFO - Entry written to database
2024-01-26 11:51:35 - INFO - Entry written to database
2024-01-26 11:51:36 - INFO - Entry written to database
2024-01-26 11:51:36 - INFO - Entry written to database
2024-01-26 11:51:36 - INFO - Entry written to database
2024-01-26 11:51:36 - INFO - Entry written to database
2024-01-26 11:51:36 - INFO - Entry written to database
2024-01-26 11:51:36 - INFO - Entry written to database
2024-01-26 11:51:36 - INFO - Entry written to database
2024-01-26 11:51:37 - INFO - Entry written to database
2024-01-26 11:51:37 - INFO - Entry written to database
2024-01-26 11:51:37 - INFO - Entry written to database
2024-01-26 11:51:37 - INFO - Entry written to database
2024-01-26 11:51:38 - INFO - Entry written to database
2024-01-26 11:51:38 - INFO - Entry written to database
2024-01-26 11:51:38 - INFO - Entry written to database
2024-01-26 11:51:38 - INFO - Entry written to database
2024-01-26 11:51:38 - INFO - Entry written to database
2024-01-26 11:51:38 - INFO - Entry written to database
2024-01-26 11:51:38 - INFO - Entry written to database
2024-01-26 11:51:39 - INFO - Entry written to database
2024-01-26 11:51:39 - INFO - Entry written to database
2024-01-26 11:51:39 - INFO - Entry written to database
2024-01-26 11:51:39 - INFO - Entry written to database
2024-01-26 11:51:39 - INFO - Entry written to database
2024-01-26 11:51:39 - INFO - Entry written to database
2024-01-26 11:51:39 - INFO - Entry written to database
2024-01-26 11:51:39 - INFO - Entry written to database
2024-01-26 11:51:39 - INFO - Entry written to database
2024-01-26 11:51:40 - INFO - Entry written to database
2024-01-26 11:51:40 - INFO - Entry written to database
2024-01-26 11:51:40 - INFO - Entry written to database
2024-01-26 11:51:40 - INFO - Entry written to database
2024-01-26 11:51:41 - INFO - Entry written to database
2024-01-26 11:51:41 - INFO - Entry written to database
2024-01-26 11:51:41 - INFO - Entry written to database
2024-01-26 11:51:41 - INFO - Entry written to database
2024-01-26 11:51:41 - INFO - Entry written to database
2024-01-26 11:51:41 - INFO - Entry written to database
2024-01-26 11:51:41 - INFO - Entry written to database
2024-01-26 11:51:41 - INFO - Entry written to database
2024-01-26 11:51:43 - INFO - Entry written to database
2024-01-26 11:51:43 - INFO - Entry written to database
2024-01-26 11:51:43 - INFO - Entry written to database
2024-01-26 11:51:43 - INFO - Entry written to database
2024-01-26 11:51:43 - INFO - Entry written to database
2024-01-26 11:51:43 - INFO - Entry written to database
2024-01-26 11:51:43 - INFO - Entry written to database
2024-01-26 11:51:44 - INFO - Entry written to database
2024-01-26 11:51:45 - INFO - Entry written to database
2024-01-26 11:51:46 - INFO - Entry written to database
2024-01-26 11:51:46 - INFO - Entry written to database
2024-01-26 11:51:46 - INFO - Entry written to database
2024-01-26 11:51:46 - INFO - Entry written to database
2024-01-26 11:51:46 - INFO - Entry written to database
2024-01-26 11:51:47 - INFO - Entry written to database
2024-01-26 11:51:47 - INFO - Entry written to database
2024-01-26 11:51:47 - INFO - Entry written to database
2024-01-26 11:51:47 - INFO - Entry written to database
2024-01-26 11:51:47 - INFO - Entry written to database
2024-01-26 11:51:47 - INFO - Entry written to database
2024-01-26 11:51:47 - INFO - Entry written to database
2024-01-26 11:51:47 - INFO - Entry written to database
2024-01-26 11:51:48 - INFO - Entry written to database
2024-01-26 11:51:50 - INFO - Entry written to database
2024-01-26 11:51:50 - INFO - Entry written to database
2024-01-26 11:51:51 - INFO - Entry written to database
2024-01-26 11:51:51 - INFO - Entry written to database
2024-01-26 11:51:51 - INFO - Entry written to database
2024-01-26 11:51:51 - INFO - Entry written to database
2024-01-26 11:51:51 - INFO - Entry written to database
2024-01-26 11:51:51 - INFO - Entry written to database
2024-01-26 11:51:51 - INFO - Entry written to database
2024-01-26 11:51:52 - INFO - Entry written to database
2024-01-26 11:51:52 - INFO - Entry written to database
2024-01-26 11:51:52 - INFO - Entry written to database
2024-01-26 11:51:52 - INFO - Entry written to database
2024-01-26 11:51:52 - INFO - Entry written to database
2024-01-26 11:51:52 - INFO - Entry written to database
2024-01-26 11:51:52 - INFO - Entry written to database
2024-01-26 11:51:54 - INFO - Entry written to database
2024-01-26 11:51:54 - INFO - Entry written to database
2024-01-26 11:51:54 - INFO - Entry written to database
2024-01-26 11:51:54 - INFO - Entry written to database
2024-01-26 11:51:54 - INFO - Entry written to database
2024-01-26 11:51:54 - INFO - Entry written to database
2024-01-26 11:51:54 - INFO - Entry written to database
2024-01-26 11:51:55 - INFO - Entry written to database
2024-01-26 11:51:55 - INFO - Entry written to database
2024-01-26 11:51:55 - INFO - Entry written to database
2024-01-26 11:51:55 - INFO - Entry written to database
2024-01-26 11:51:55 - INFO - Entry written to database
2024-01-26 11:51:55 - INFO - Entry written to database
2024-01-26 11:51:55 - INFO - Entry written to database
2024-01-26 11:51:55 - INFO - Entry written to database
2024-01-26 11:51:55 - INFO - Entry written to database
2024-01-26 11:51:55 - INFO - Entry written to database
2024-01-26 11:51:56 - INFO - Entry written to database
2024-01-26 11:51:56 - INFO - Entry written to database
2024-01-26 11:51:57 - INFO - Entry written to database
2024-01-26 11:51:57 - INFO - Entry written to database
2024-01-26 11:51:57 - INFO - Entry written to database
2024-01-26 11:51:57 - INFO - Entry written to database
2024-01-26 11:51:57 - INFO - Entry written to database
2024-01-26 11:51:57 - INFO - Entry written to database
2024-01-26 11:51:58 - INFO - Entry written to database
2024-01-26 11:51:58 - INFO - Entry written to database
2024-01-26 11:51:58 - INFO - Entry written to database
2024-01-26 11:51:58 - INFO - Entry written to database
2024-01-26 11:51:58 - INFO - Entry written to database
2024-01-26 11:51:58 - INFO - Entry written to database
2024-01-26 11:51:58 - INFO - Entry written to database
2024-01-26 11:51:59 - INFO - Entry written to database
2024-01-26 11:51:59 - INFO - Entry written to database
2024-01-26 11:51:59 - INFO - Entry written to database
2024-01-26 11:52:00 - INFO - Entry written to database
2024-01-26 11:52:00 - INFO - Entry written to database
2024-01-26 11:52:00 - INFO - Entry written to database
2024-01-26 11:52:00 - INFO - Entry written to database
2024-01-26 11:52:02 - INFO - Entry written to database
2024-01-26 11:52:02 - INFO - Entry written to database
2024-01-26 11:52:03 - INFO - Entry written to database
2024-01-26 11:52:03 - INFO - Entry written to database
2024-01-26 11:52:03 - INFO - Entry written to database
2024-01-26 11:52:03 - INFO - Entry written to database
2024-01-26 11:52:03 - INFO - Entry written to database
2024-01-26 11:52:03 - INFO - Entry written to database
2024-01-26 11:52:03 - INFO - Entry written to database
2024-01-26 11:52:04 - INFO - Entry written to database
2024-01-26 11:52:04 - INFO - Entry written to database
2024-01-26 11:52:04 - INFO - Entry written to database
2024-01-26 11:52:05 - INFO - Entry written to database
2024-01-26 11:52:05 - INFO - Entry written to database
2024-01-26 11:52:05 - INFO - Entry written to database
2024-01-26 11:52:05 - INFO - Entry written to database
2024-01-26 11:52:05 - INFO - Entry written to database
2024-01-26 11:52:05 - INFO - Entry written to database
2024-01-26 11:52:06 - INFO - Entry written to database
2024-01-26 11:52:06 - INFO - Entry written to database
2024-01-26 11:52:06 - INFO - Entry written to database
2024-01-26 11:52:06 - INFO - Entry written to database
2024-01-26 11:52:06 - INFO - Entry written to database
2024-01-26 11:52:06 - INFO - Entry written to database
2024-01-26 11:52:06 - INFO - Entry written to database
2024-01-26 11:52:07 - INFO - Entry written to database
2024-01-26 11:52:07 - INFO - Entry written to database
2024-01-26 11:52:07 - INFO - Entry written to database
2024-01-26 11:52:10 - INFO - Entry written to database
2024-01-26 11:52:10 - INFO - Entry written to database
2024-01-26 11:52:10 - INFO - Entry written to database
2024-01-26 11:52:10 - INFO - Entry written to database
2024-01-26 11:52:10 - INFO - Entry written to database
2024-01-26 11:52:10 - INFO - Entry written to database
2024-01-26 11:52:10 - INFO - Entry written to database
2024-01-26 11:52:11 - INFO - Entry written to database
2024-01-26 11:52:11 - INFO - Entry written to database
2024-01-26 11:52:11 - INFO - Entry written to database
2024-01-26 11:52:12 - INFO - Entry written to database
2024-01-26 11:52:13 - INFO - RSS Service Complete at 2024-01-26T11:52:13.920119
2024-01-26 11:54:22 - INFO - Entry written to database
2024-01-26 11:54:23 - INFO - Entry written to database
2024-01-26 11:54:23 - INFO - Entry written to database
2024-01-26 11:54:23 - INFO - Entry written to database
2024-01-26 11:54:23 - INFO - Entry written to database
2024-01-26 11:54:24 - INFO - Entry written to database
2024-01-26 11:54:24 - INFO - Entry written to database
2024-01-26 11:54:24 - INFO - Entry written to database
2024-01-26 11:54:24 - INFO - Entry written to database
2024-01-26 11:54:24 - INFO - Entry written to database
2024-01-26 11:54:25 - INFO - Entry written to database
2024-01-26 11:54:25 - INFO - Entry written to database
2024-01-26 11:54:25 - INFO - Entry written to database
2024-01-26 11:54:25 - INFO - Entry written to database
2024-01-26 11:54:25 - INFO - Entry written to database
2024-01-26 11:54:25 - INFO - Entry written to database
2024-01-26 11:54:25 - INFO - Entry written to database
2024-01-26 11:54:26 - INFO - Entry written to database
2024-01-26 11:54:26 - INFO - Entry written to database
2024-01-26 11:54:27 - INFO - Entry written to database
2024-01-26 11:54:27 - INFO - Entry written to database
2024-01-26 11:54:27 - INFO - Entry written to database
2024-01-26 11:54:27 - INFO - Entry written to database
2024-01-26 11:54:27 - INFO - Entry written to database
2024-01-26 11:54:27 - INFO - Entry written to database
2024-01-26 11:54:28 - INFO - Entry written to database
2024-01-26 11:54:30 - INFO - Entry written to database
2024-01-26 11:54:30 - INFO - Entry written to database
2024-01-26 11:54:30 - INFO - Entry written to database
2024-01-26 11:54:31 - INFO - Entry written to database
2024-01-26 11:54:31 - INFO - Entry written to database
2024-01-26 11:54:31 - INFO - Entry written to database
2024-01-26 11:54:31 - INFO - Entry written to database
2024-01-26 11:54:31 - INFO - Entry written to database
2024-01-26 11:54:34 - INFO - Entry written to database
2024-01-26 11:54:34 - INFO - Entry written to database
2024-01-26 11:54:34 - INFO - Entry written to database
2024-01-26 11:54:35 - INFO - Entry written to database
2024-01-26 11:54:35 - INFO - Entry written to database
2024-01-26 11:54:35 - INFO - Entry written to database
2024-01-26 11:54:35 - INFO - Entry written to database
2024-01-26 11:54:35 - INFO - Entry written to database
2024-01-26 11:54:35 - INFO - Entry written to database
2024-01-26 11:54:36 - INFO - Entry written to database
2024-01-26 11:54:36 - INFO - Entry written to database
2024-01-26 11:54:36 - INFO - Entry written to database
2024-01-26 11:54:36 - INFO - Entry written to database
2024-01-26 11:54:36 - INFO - Entry written to database
2024-01-26 11:54:37 - INFO - Entry written to database
2024-01-26 11:54:41 - INFO - Entry written to database
2024-01-26 11:54:41 - INFO - Entry written to database
2024-01-26 11:54:41 - INFO - Entry written to database
2024-01-26 11:54:41 - INFO - Entry written to database
2024-01-26 11:54:41 - INFO - Entry written to database
2024-01-26 11:54:42 - INFO - Entry written to database
2024-01-26 11:54:42 - INFO - Entry written to database
2024-01-26 11:54:42 - INFO - Entry written to database
2024-01-26 11:54:42 - INFO - Entry written to database
2024-01-26 11:54:42 - INFO - Entry written to database
2024-01-26 11:54:42 - INFO - Entry written to database
2024-01-26 11:54:43 - INFO - Entry written to database
2024-01-26 11:54:43 - INFO - Entry written to database
2024-01-26 11:54:43 - INFO - Entry written to database
2024-01-26 11:54:43 - INFO - Entry written to database
2024-01-26 11:54:43 - INFO - Entry written to database
2024-01-26 11:54:45 - INFO - Entry written to database
2024-01-26 11:54:46 - INFO - Entry written to database
2024-01-26 11:54:46 - INFO - Entry written to database
2024-01-26 11:54:46 - INFO - Entry written to database
2024-01-26 11:54:46 - INFO - Entry written to database
2024-01-26 11:54:46 - INFO - Entry written to database
2024-01-26 11:54:46 - INFO - Entry written to database
2024-01-26 11:54:46 - INFO - Entry written to database
2024-01-26 11:54:47 - INFO - Entry written to database
2024-01-26 11:54:47 - INFO - Entry written to database
2024-01-26 11:54:47 - INFO - Entry written to database
2024-01-26 11:54:47 - INFO - Entry written to database
2024-01-26 11:54:47 - INFO - Entry written to database
2024-01-26 11:54:47 - INFO - Entry written to database
2024-01-26 11:54:47 - INFO - Entry written to database
2024-01-26 11:54:48 - INFO - Entry written to database
2024-01-26 11:54:48 - INFO - Entry written to database
2024-01-26 11:54:49 - INFO - Entry written to database
2024-01-26 11:54:49 - INFO - Entry written to database
2024-01-26 11:54:49 - INFO - Entry written to database
2024-01-26 11:54:49 - INFO - Entry written to database
2024-01-26 11:54:50 - INFO - Entry written to database
2024-01-26 11:54:50 - INFO - Entry written to database
2024-01-26 11:54:50 - INFO - Entry written to database
2024-01-26 11:54:50 - INFO - Entry written to database
2024-01-26 11:54:50 - INFO - Entry written to database
2024-01-26 11:54:50 - INFO - Entry written to database
2024-01-26 11:54:51 - INFO - Entry written to database
2024-01-26 11:54:51 - INFO - Entry written to database
2024-01-26 11:54:51 - INFO - Entry written to database
2024-01-26 11:54:51 - INFO - Entry written to database
2024-01-26 11:54:51 - INFO - Entry written to database
2024-01-26 11:54:52 - INFO - Entry written to database
2024-01-26 11:54:52 - INFO - Entry written to database
2024-01-26 11:54:52 - INFO - Entry written to database
2024-01-26 11:54:53 - INFO - Entry written to database
2024-01-26 11:54:53 - INFO - Entry written to database
2024-01-26 11:54:53 - INFO - Entry written to database
2024-01-26 11:54:55 - INFO - Entry written to database
2024-01-26 11:54:55 - INFO - Entry written to database
2024-01-26 11:54:55 - INFO - Entry written to database
2024-01-26 11:54:56 - INFO - Entry written to database
2024-01-26 11:54:56 - INFO - Entry written to database
2024-01-26 11:54:56 - INFO - Entry written to database
2024-01-26 11:54:56 - INFO - Entry written to database
2024-01-26 11:54:56 - INFO - Entry written to database
2024-01-26 11:54:57 - INFO - Entry written to database
2024-01-26 11:54:57 - INFO - Entry written to database
2024-01-26 11:54:57 - INFO - Entry written to database
2024-01-26 11:54:57 - INFO - Entry written to database
2024-01-26 11:54:57 - INFO - Entry written to database
2024-01-26 11:54:57 - INFO - Entry written to database
2024-01-26 11:54:58 - INFO - Entry written to database
2024-01-26 11:54:58 - INFO - Entry written to database
2024-01-26 11:54:58 - INFO - Entry written to database
2024-01-26 11:54:58 - INFO - Entry written to database
2024-01-26 11:54:59 - INFO - Entry written to database
2024-01-26 11:54:59 - INFO - Entry written to database
2024-01-26 11:54:59 - INFO - Entry written to database
2024-01-26 11:55:00 - INFO - Entry written to database
2024-01-26 11:55:00 - INFO - Entry written to database
2024-01-26 11:55:00 - INFO - Entry written to database
2024-01-26 11:55:00 - INFO - Entry written to database
2024-01-26 11:55:00 - INFO - Entry written to database
2024-01-26 11:55:03 - INFO - Entry written to database
2024-01-26 11:55:03 - INFO - Entry written to database
2024-01-26 11:55:03 - INFO - Entry written to database
2024-01-26 11:55:03 - INFO - Entry written to database
2024-01-26 11:55:04 - INFO - Entry written to database
2024-01-26 11:55:04 - INFO - Entry written to database
2024-01-26 11:55:04 - INFO - Entry written to database
2024-01-26 11:55:05 - INFO - Entry written to database
2024-01-26 11:55:05 - INFO - Entry written to database
2024-01-26 11:55:05 - INFO - Entry written to database
2024-01-26 11:55:07 - INFO - Entry written to database
2024-01-26 11:55:09 - INFO - RSS Service Complete at 2024-01-26T11:55:09.033213
2024-01-26 11:55:27 - ERROR - Error writing to trades table: {'code': '42501', 'details': None, 'hint': None, 'message': 'new row violates row-level security policy for table "trades"'}
2024-01-26 11:55:27 - INFO - RSS Service Complete at 2024-01-26T11:55:26.889280Z
2024-01-26 11:55:27 - ERROR - Error writing to trades table: {'code': '42501', 'details': None, 'hint': None, 'message': 'new row violates row-level security policy for table "trades"'}
2024-01-26 11:55:27 - INFO - RSS Service Complete at 2024-01-26T11:55:27.230044Z
2024-01-26 11:55:27 - ERROR - Error writing to trades table: {'code': '42501', 'details': None, 'hint': None, 'message': 'new row violates row-level security policy for table "trades"'}
2024-01-26 11:55:27 - INFO - RSS Service Complete at 2024-01-26T11:55:27.343254Z
2024-01-26 11:55:27 - ERROR - Error writing to trades table: {'code': '42501', 'details': None, 'hint': None, 'message': 'new row violates row-level security policy for table "trades"'}
2024-01-26 11:55:27 - INFO - RSS Service Complete at 2024-01-26T11:55:27.466131Z
2024-01-26 11:55:27 - ERROR - Error writing to trades table: {'code': '42501', 'details': None, 'hint': None, 'message': 'new row violates row-level security policy for table "trades"'}
2024-01-26 11:55:27 - INFO - RSS Service Complete at 2024-01-26T11:55:27.604419Z
2024-01-26 11:55:27 - ERROR - Error writing to trades table: {'code': '42501', 'details': None, 'hint': None, 'message': 'new row violates row-level security policy for table "trades"'}
2024-01-26 11:55:27 - INFO - RSS Service Complete at 2024-01-26T11:55:27.870703Z
2024-01-26 11:55:28 - ERROR - Error writing to trades table: {'code': '42501', 'details': None, 'hint': None, 'message': 'new row violates row-level security policy for table "trades"'}
2024-01-26 11:55:28 - INFO - RSS Service Complete at 2024-01-26T11:55:27.989147Z
2024-01-26 11:55:28 - ERROR - Error writing to trades table: {'code': '42501', 'details': None, 'hint': None, 'message': 'new row violates row-level security policy for table "trades"'}
2024-01-26 11:55:28 - INFO - RSS Service Complete at 2024-01-26T11:55:28.105824Z
2024-01-26 11:55:28 - ERROR - Error writing to trades table: {'code': '42501', 'details': None, 'hint': None, 'message': 'new row violates row-level security policy for table "trades"'}
2024-01-26 11:55:28 - INFO - RSS Service Complete at 2024-01-26T11:55:28.392911Z
2024-01-26 11:55:28 - ERROR - Error writing to trades table: {'code': '42501', 'details': None, 'hint': None, 'message': 'new row violates row-level security policy for table "trades"'}
2024-01-26 11:55:28 - INFO - RSS Service Complete at 2024-01-26T11:55:28.619597Z
2024-01-26 11:55:28 - ERROR - Error writing to trades table: {'code': '42501', 'details': None, 'hint': None, 'message': 'new row violates row-level security policy for table "trades"'}
2024-01-26 11:55:28 - INFO - RSS Service Complete at 2024-01-26T11:55:28.793766Z
2024-01-26 11:55:28 - ERROR - Error writing to trades table: {'code': '42501', 'details': None, 'hint': None, 'message': 'new row violates row-level security policy for table "trades"'}
2024-01-26 11:55:28 - INFO - RSS Service Complete at 2024-01-26T11:55:28.921557Z
2024-01-26 11:55:29 - ERROR - Error writing to trades table: {'code': '42501', 'details': None, 'hint': None, 'message': 'new row violates row-level security policy for table "trades"'}
2024-01-26 11:55:29 - INFO - RSS Service Complete at 2024-01-26T11:55:29.064146Z
2024-01-26 11:55:29 - ERROR - Error writing to trades table: {'code': '42501', 'details': None, 'hint': None, 'message': 'new row violates row-level security policy for table "trades"'}
2024-01-26 11:55:29 - INFO - RSS Service Complete at 2024-01-26T11:55:29.195013Z
2024-01-26 11:55:29 - ERROR - Error writing to trades table: {'code': '42501', 'details': None, 'hint': None, 'message': 'new row violates row-level security policy for table "trades"'}
2024-01-26 11:55:29 - INFO - RSS Service Complete at 2024-01-26T11:55:29.411001Z
2024-01-26 11:55:29 - ERROR - Error writing to trades table: {'code': '42501', 'details': None, 'hint': None, 'message': 'new row violates row-level security policy for table "trades"'}
2024-01-26 11:55:29 - INFO - RSS Service Complete at 2024-01-26T11:55:29.532016Z
2024-01-26 11:55:29 - ERROR - Error writing to trades table: {'code': '42501', 'details': None, 'hint': None, 'message': 'new row violates row-level security policy for table "trades"'}
2024-01-26 11:55:29 - INFO - RSS Service Complete at 2024-01-26T11:55:29.682257Z
2024-01-26 11:55:29 - ERROR - Error writing to trades table: {'code': '42501', 'details': None, 'hint': None, 'message': 'new row violates row-level security policy for table "trades"'}
2024-01-26 11:55:29 - INFO - RSS Service Complete at 2024-01-26T11:55:29.903236Z
2024-01-26 11:55:30 - ERROR - Error writing to trades table: {'code': '42501', 'details': None, 'hint': None, 'message': 'new row violates row-level security policy for table "trades"'}
2024-01-26 11:55:30 - INFO - RSS Service Complete at 2024-01-26T11:55:30.080820Z
2024-01-26 11:55:30 - ERROR - Error writing to trades table: {'code': '42501', 'details': None, 'hint': None, 'message': 'new row violates row-level security policy for table "trades"'}
2024-01-26 11:55:30 - INFO - RSS Service Complete at 2024-01-26T11:55:30.364792Z
2024-01-26 11:55:30 - ERROR - Error writing to trades table: {'code': '42501', 'details': None, 'hint': None, 'message': 'new row violates row-level security policy for table "trades"'}
2024-01-26 11:55:30 - INFO - RSS Service Complete at 2024-01-26T11:55:30.578523Z
2024-01-26 11:55:30 - ERROR - Error writing to trades table: {'code': '42501', 'details': None, 'hint': None, 'message': 'new row violates row-level security policy for table "trades"'}
2024-01-26 11:55:30 - INFO - RSS Service Complete at 2024-01-26T11:55:30.847461Z
2024-01-26 11:55:31 - ERROR - Error writing to trades table: {'code': '42501', 'details': None, 'hint': None, 'message': 'new row violates row-level security policy for table "trades"'}
2024-01-26 11:55:31 - INFO - RSS Service Complete at 2024-01-26T11:55:31.018279Z
2024-01-26 11:55:31 - ERROR - Error writing to trades table: {'code': '42501', 'details': None, 'hint': None, 'message': 'new row violates row-level security policy for table "trades"'}
2024-01-26 11:55:31 - INFO - RSS Service Complete at 2024-01-26T11:55:31.218595Z
2024-01-26 11:55:31 - ERROR - Error writing to trades table: {'code': '42501', 'details': None, 'hint': None, 'message': 'new row violates row-level security policy for table "trades"'}
2024-01-26 11:55:31 - INFO - RSS Service Complete at 2024-01-26T11:55:31.518275Z
2024-01-26 11:55:31 - ERROR - Error writing to trades table: {'code': '42501', 'details': None, 'hint': None, 'message': 'new row violates row-level security policy for table "trades"'}
2024-01-26 11:55:31 - INFO - RSS Service Complete at 2024-01-26T11:55:31.704592Z
2024-01-26 11:55:32 - ERROR - Error writing to trades table: {'code': '42501', 'details': None, 'hint': None, 'message': 'new row violates row-level security policy for table "trades"'}
2024-01-26 11:55:32 - INFO - RSS Service Complete at 2024-01-26T11:55:31.952527Z
2024-01-26 11:55:32 - ERROR - Error writing to trades table: {'code': '42501', 'details': None, 'hint': None, 'message': 'new row violates row-level security policy for table "trades"'}
2024-01-26 11:55:32 - INFO - RSS Service Complete at 2024-01-26T11:55:32.146109Z
2024-01-26 11:55:32 - ERROR - Error writing to trades table: {'code': '42501', 'details': None, 'hint': None, 'message': 'new row violates row-level security policy for table "trades"'}
2024-01-26 11:55:32 - INFO - RSS Service Complete at 2024-01-26T11:55:32.421627Z
2024-01-26 11:55:32 - ERROR - Error writing to trades table: {'code': '42501', 'details': None, 'hint': None, 'message': 'new row violates row-level security policy for table "trades"'}
2024-01-26 11:55:32 - INFO - RSS Service Complete at 2024-01-26T11:55:32.637970Z
2024-01-26 11:55:32 - INFO - WRITTEN
2024-01-26 12:20:10 - INFO - Entry written to database
2024-01-26 12:20:10 - INFO - Entry written to database
2024-01-26 12:20:11 - INFO - Entry written to database
2024-01-26 12:20:11 - INFO - Entry written to database
2024-01-26 12:20:11 - INFO - Entry written to database
2024-01-26 12:20:11 - INFO - Entry written to database
2024-01-26 12:20:11 - INFO - Entry written to database
2024-01-26 12:20:11 - INFO - Entry written to database
2024-01-26 12:20:11 - INFO - Entry written to database
2024-01-26 12:20:12 - INFO - Entry written to database
2024-01-26 12:20:12 - INFO - Entry written to database
2024-01-26 12:20:12 - INFO - Entry written to database
2024-01-26 12:20:12 - INFO - Entry written to database
2024-01-26 12:20:12 - INFO - Entry written to database
2024-01-26 12:20:12 - INFO - Entry written to database
2024-01-26 12:20:12 - INFO - Entry written to database
2024-01-26 12:20:12 - INFO - Entry written to database
2024-01-26 12:20:13 - INFO - Entry written to database
2024-01-26 12:20:13 - INFO - Entry written to database
2024-01-26 12:20:13 - INFO - Entry written to database
2024-01-26 12:20:13 - INFO - Entry written to database
2024-01-26 12:20:13 - INFO - Entry written to database
2024-01-26 12:20:13 - INFO - Entry written to database
2024-01-26 12:20:13 - INFO - Entry written to database
2024-01-26 12:20:14 - INFO - Entry written to database
2024-01-26 12:20:14 - INFO - Entry written to database
2024-01-26 12:20:14 - INFO - Entry written to database
2024-01-26 12:20:14 - INFO - Entry written to database
2024-01-26 12:20:14 - INFO - Entry written to database
2024-01-26 12:20:14 - INFO - Entry written to database
2024-01-26 12:20:15 - INFO - Entry written to database
2024-01-26 12:20:15 - INFO - Entry written to database
2024-01-26 12:20:15 - INFO - Entry written to database
2024-01-26 12:20:15 - INFO - Entry written to database
2024-01-26 12:20:16 - INFO - Entry written to database
2024-01-26 12:20:16 - INFO - Entry written to database
2024-01-26 12:20:16 - INFO - Entry written to database
2024-01-26 12:20:16 - INFO - Entry written to database
2024-01-26 12:20:16 - INFO - Entry written to database
2024-01-26 12:20:17 - INFO - Entry written to database
2024-01-26 12:20:17 - INFO - Entry written to database
2024-01-26 12:20:17 - INFO - Entry written to database
2024-01-26 12:20:17 - INFO - Entry written to database
2024-01-26 12:20:17 - INFO - Entry written to database
2024-01-26 12:20:17 - INFO - Entry written to database
2024-01-26 12:20:17 - INFO - Entry written to database
2024-01-26 12:20:18 - INFO - Entry written to database
2024-01-26 12:20:18 - INFO - Entry written to database
2024-01-26 12:20:19 - INFO - Entry written to database
2024-01-26 12:20:19 - INFO - Entry written to database
2024-01-26 12:20:19 - INFO - Entry written to database
2024-01-26 12:20:19 - INFO - Entry written to database
2024-01-26 12:20:19 - INFO - Entry written to database
2024-01-26 12:20:19 - INFO - Entry written to database
2024-01-26 12:20:20 - INFO - Entry written to database
2024-01-26 12:20:20 - INFO - Entry written to database
2024-01-26 12:20:20 - INFO - Entry written to database
2024-01-26 12:20:20 - INFO - Entry written to database
2024-01-26 12:20:20 - INFO - Entry written to database
2024-01-26 12:20:20 - INFO - Entry written to database
2024-01-26 12:20:20 - INFO - Entry written to database
2024-01-26 12:20:20 - INFO - Entry written to database
2024-01-26 12:20:21 - INFO - Entry written to database
2024-01-26 12:20:21 - INFO - Entry written to database
2024-01-26 12:20:21 - INFO - Entry written to database
2024-01-26 12:20:21 - INFO - Entry written to database
2024-01-26 12:20:21 - INFO - Entry written to database
2024-01-26 12:20:21 - INFO - Entry written to database
2024-01-26 12:20:21 - INFO - Entry written to database
2024-01-26 12:20:21 - INFO - Entry written to database
2024-01-26 12:20:22 - INFO - Entry written to database
2024-01-26 12:20:22 - INFO - Entry written to database
2024-01-26 12:20:23 - INFO - Entry written to database
2024-01-26 12:20:23 - INFO - Entry written to database
2024-01-26 12:20:23 - INFO - Entry written to database
2024-01-26 12:20:23 - INFO - Entry written to database
2024-01-26 12:20:23 - INFO - Entry written to database
2024-01-26 12:20:23 - INFO - Entry written to database
2024-01-26 12:20:25 - INFO - Entry written to database
2024-01-26 12:20:25 - INFO - Entry written to database
2024-01-26 12:20:25 - INFO - Entry written to database
2024-01-26 12:20:26 - INFO - Entry written to database
2024-01-26 12:20:26 - INFO - Entry written to database
2024-01-26 12:20:26 - INFO - Entry written to database
2024-01-26 12:20:26 - INFO - Entry written to database
2024-01-26 12:20:26 - INFO - Entry written to database
2024-01-26 12:20:29 - INFO - Entry written to database
2024-01-26 12:20:29 - INFO - Entry written to database
2024-01-26 12:20:30 - INFO - Entry written to database
2024-01-26 12:20:31 - INFO - Entry written to database
2024-01-26 12:20:31 - INFO - Entry written to database
2024-01-26 12:20:31 - INFO - Entry written to database
2024-01-26 12:20:31 - INFO - Entry written to database
2024-01-26 12:20:31 - INFO - Entry written to database
2024-01-26 12:20:32 - INFO - Entry written to database
2024-01-26 12:20:32 - INFO - Entry written to database
2024-01-26 12:20:32 - INFO - Entry written to database
2024-01-26 12:20:32 - INFO - Entry written to database
2024-01-26 12:20:32 - INFO - Entry written to database
2024-01-26 12:20:32 - INFO - Entry written to database
2024-01-26 12:20:33 - INFO - Entry written to database
2024-01-26 12:20:35 - INFO - Entry written to database
2024-01-26 12:20:35 - INFO - Entry written to database
2024-01-26 12:20:36 - INFO - Entry written to database
2024-01-26 12:20:36 - INFO - Entry written to database
2024-01-26 12:20:36 - INFO - Entry written to database
2024-01-26 12:20:36 - INFO - Entry written to database
2024-01-26 12:20:36 - INFO - Entry written to database
2024-01-26 12:20:36 - INFO - Entry written to database
2024-01-26 12:20:37 - INFO - Entry written to database
2024-01-26 12:20:37 - INFO - Entry written to database
2024-01-26 12:20:37 - INFO - Entry written to database
2024-01-26 12:20:37 - INFO - Entry written to database
2024-01-26 12:20:37 - INFO - Entry written to database
2024-01-26 12:20:37 - INFO - Entry written to database
2024-01-26 12:20:37 - INFO - Entry written to database
2024-01-26 12:20:37 - INFO - Entry written to database
2024-01-26 12:20:39 - INFO - Entry written to database
2024-01-26 12:20:39 - INFO - Entry written to database
2024-01-26 12:20:39 - INFO - Entry written to database
2024-01-26 12:20:40 - INFO - Entry written to database
2024-01-26 12:20:40 - INFO - Entry written to database
2024-01-26 12:20:40 - INFO - Entry written to database
2024-01-26 12:20:40 - INFO - Entry written to database
2024-01-26 12:20:40 - INFO - Entry written to database
2024-01-26 12:20:40 - INFO - Entry written to database
2024-01-26 12:20:40 - INFO - Entry written to database
2024-01-26 12:20:41 - INFO - Entry written to database
2024-01-26 12:20:41 - INFO - Entry written to database
2024-01-26 12:20:41 - INFO - Entry written to database
2024-01-26 12:20:41 - INFO - Entry written to database
2024-01-26 12:20:41 - INFO - Entry written to database
2024-01-26 12:20:42 - INFO - Entry written to database
2024-01-26 12:20:42 - INFO - Entry written to database
2024-01-26 12:20:42 - INFO - Entry written to database
2024-01-26 12:20:43 - INFO - Entry written to database
2024-01-26 12:20:43 - INFO - Entry written to database
2024-01-26 12:20:43 - INFO - Entry written to database
2024-01-26 12:20:43 - INFO - Entry written to database
2024-01-26 12:20:43 - INFO - Entry written to database
2024-01-26 12:20:44 - INFO - Entry written to database
2024-01-26 12:20:44 - INFO - Entry written to database
2024-01-26 12:20:44 - INFO - Entry written to database
2024-01-26 12:20:44 - INFO - Entry written to database
2024-01-26 12:20:44 - INFO - Entry written to database
2024-01-26 12:20:44 - INFO - Entry written to database
2024-01-26 12:20:44 - INFO - Entry written to database
2024-01-26 12:20:44 - INFO - Entry written to database
2024-01-26 12:20:45 - INFO - Entry written to database
2024-01-26 12:20:45 - INFO - Entry written to database
2024-01-26 12:20:45 - INFO - Entry written to database
2024-01-26 12:20:45 - INFO - Entry written to database
2024-01-26 12:20:46 - INFO - Entry written to database
2024-01-26 12:20:46 - INFO - Entry written to database
2024-01-26 12:20:46 - INFO - Entry written to database
2024-01-26 12:20:46 - INFO - Entry written to database
2024-01-26 12:20:48 - INFO - Entry written to database
2024-01-26 12:20:48 - INFO - Entry written to database
2024-01-26 12:20:48 - INFO - Entry written to database
2024-01-26 12:20:48 - INFO - Entry written to database
2024-01-26 12:20:48 - INFO - Entry written to database
2024-01-26 12:20:49 - INFO - Entry written to database
2024-01-26 12:20:49 - INFO - Entry written to database
2024-01-26 12:20:49 - INFO - Entry written to database
2024-01-26 12:20:49 - INFO - Entry written to database
2024-01-26 12:20:49 - INFO - Entry written to database
2024-01-26 12:20:49 - INFO - Entry written to database
2024-01-26 12:20:50 - INFO - Entry written to database
2024-01-26 12:20:50 - INFO - Entry written to database
2024-01-26 12:20:50 - INFO - Entry written to database
2024-01-26 12:20:50 - INFO - Entry written to database
2024-01-26 12:20:50 - INFO - Entry written to database
2024-01-26 12:20:50 - INFO - Entry written to database
2024-01-26 12:20:50 - INFO - Entry written to database
2024-01-26 12:20:50 - INFO - Entry written to database
2024-01-26 12:20:51 - INFO - Entry written to database
2024-01-26 12:20:51 - INFO - Entry written to database
2024-01-26 12:20:51 - INFO - Entry written to database
2024-01-26 12:20:51 - INFO - Entry written to database
2024-01-26 12:20:51 - INFO - Entry written to database
2024-01-26 12:20:51 - INFO - Entry written to database
2024-01-26 12:20:51 - INFO - Entry written to database
2024-01-26 12:20:52 - INFO - Entry written to database
2024-01-26 12:20:52 - INFO - Entry written to database
2024-01-26 12:20:53 - INFO - Entry written to database
2024-01-26 12:20:53 - INFO - Entry written to database
2024-01-26 12:20:53 - INFO - Entry written to database
2024-01-26 12:20:54 - INFO - Entry written to database
2024-01-26 12:20:54 - INFO - Entry written to database
2024-01-26 12:20:54 - INFO - Entry written to database
2024-01-26 12:20:54 - INFO - Entry written to database
2024-01-26 12:20:54 - INFO - Entry written to database
2024-01-26 12:20:54 - INFO - Entry written to database
2024-01-26 12:20:54 - INFO - Entry written to database
2024-01-26 12:20:54 - INFO - Entry written to database
2024-01-26 12:20:55 - INFO - Entry written to database
2024-01-26 12:20:55 - INFO - Entry written to database
2024-01-26 12:20:56 - INFO - Entry written to database
2024-01-26 12:20:56 - INFO - Entry written to database
2024-01-26 12:20:56 - INFO - Entry written to database
2024-01-26 12:20:56 - INFO - Entry written to database
2024-01-26 12:20:56 - INFO - Entry written to database
2024-01-26 12:20:56 - INFO - Entry written to database
2024-01-26 12:20:56 - INFO - Entry written to database
2024-01-26 12:20:57 - INFO - Entry written to database
2024-01-26 12:20:57 - INFO - Entry written to database
2024-01-26 12:20:57 - INFO - Entry written to database
2024-01-26 12:20:57 - INFO - Entry written to database
2024-01-26 12:20:57 - INFO - Entry written to database
2024-01-26 12:20:58 - INFO - Entry written to database
2024-01-26 12:20:58 - INFO - Entry written to database
2024-01-26 12:20:58 - INFO - Entry written to database
2024-01-26 12:20:58 - INFO - Entry written to database
2024-01-26 12:20:58 - INFO - Entry written to database
2024-01-26 12:20:59 - INFO - Entry written to database
2024-01-26 12:21:00 - INFO - Entry written to database
2024-01-26 12:21:01 - INFO - Entry written to database
2024-01-26 12:21:01 - INFO - Entry written to database
2024-01-26 12:21:01 - INFO - Entry written to database
2024-01-26 12:21:01 - INFO - Entry written to database
2024-01-26 12:21:01 - INFO - Entry written to database
2024-01-26 12:21:01 - INFO - Entry written to database
2024-01-26 12:21:01 - INFO - Entry written to database
2024-01-26 12:21:01 - INFO - RSS Service Complete at 2024-01-26T12:21:01.689285
2024-01-26 12:21:01 - INFO - RSS Service Complete at 2024-01-26T12:21:01.800496Z
2024-01-26 12:21:02 - INFO - RSS Service Complete at 2024-01-26T12:21:02.049091Z
2024-01-26 12:21:02 - INFO - RSS Service Complete at 2024-01-26T12:21:02.170624Z
2024-01-26 12:21:02 - INFO - RSS Service Complete at 2024-01-26T12:21:02.283975Z
2024-01-26 12:21:02 - INFO - RSS Service Complete at 2024-01-26T12:21:02.497502Z
2024-01-26 12:21:02 - INFO - RSS Service Complete at 2024-01-26T12:21:02.627096Z
2024-01-26 12:21:02 - INFO - RSS Service Complete at 2024-01-26T12:21:02.749879Z
2024-01-26 12:21:03 - INFO - RSS Service Complete at 2024-01-26T12:21:02.961220Z
2024-01-26 12:21:03 - INFO - RSS Service Complete at 2024-01-26T12:21:03.089381Z
2024-01-26 12:21:03 - INFO - RSS Service Complete at 2024-01-26T12:21:03.202287Z
2024-01-26 12:21:03 - INFO - RSS Service Complete at 2024-01-26T12:21:03.321295Z
2024-01-26 12:21:03 - INFO - RSS Service Complete at 2024-01-26T12:21:03.546094Z
2024-01-26 12:21:03 - INFO - RSS Service Complete at 2024-01-26T12:21:03.674412Z
2024-01-26 12:21:03 - INFO - RSS Service Complete at 2024-01-26T12:21:03.798592Z
2024-01-26 12:21:04 - INFO - RSS Service Complete at 2024-01-26T12:21:04.003237Z
2024-01-26 12:21:04 - INFO - RSS Service Complete at 2024-01-26T12:21:04.152239Z
2024-01-26 12:21:04 - INFO - RSS Service Complete at 2024-01-26T12:21:04.271929Z
2024-01-26 12:21:04 - INFO - RSS Service Complete at 2024-01-26T12:21:04.390519Z
2024-01-26 12:21:05 - INFO - RSS Service Complete at 2024-01-26T12:21:04.586251Z
2024-01-26 12:21:05 - INFO - RSS Service Complete at 2024-01-26T12:21:05.107612Z
2024-01-26 12:21:05 - INFO - RSS Service Complete at 2024-01-26T12:21:05.238811Z
2024-01-26 12:21:05 - INFO - RSS Service Complete at 2024-01-26T12:21:05.360057Z
2024-01-26 12:21:05 - INFO - RSS Service Complete at 2024-01-26T12:21:05.469416Z
2024-01-26 12:21:05 - INFO - RSS Service Complete at 2024-01-26T12:21:05.693683Z
2024-01-26 12:21:05 - INFO - RSS Service Complete at 2024-01-26T12:21:05.817036Z
2024-01-26 12:21:06 - INFO - RSS Service Complete at 2024-01-26T12:21:05.941406Z
2024-01-26 12:21:06 - INFO - RSS Service Complete at 2024-01-26T12:21:06.151785Z
2024-01-26 12:21:06 - INFO - RSS Service Complete at 2024-01-26T12:21:06.283759Z
2024-01-26 12:21:06 - INFO - RSS Service Complete at 2024-01-26T12:21:06.414831Z
2024-01-26 12:21:06 - INFO - RSS Service Complete at 2024-01-26T12:21:06.622981Z
2024-01-26 12:21:06 - INFO - WRITTEN
2024-01-26 12:23:50 - ERROR - Error writing to trades table: Object of type Timestamp is not JSON serializable
2024-01-26 12:23:50 - INFO - RSS Service Complete at 2024-01-26T12:23:50.363449Z
2024-01-26 12:23:50 - ERROR - Error writing to trades table: Object of type Timestamp is not JSON serializable
2024-01-26 12:23:50 - INFO - RSS Service Complete at 2024-01-26T12:23:50.428831Z
2024-01-26 12:23:50 - ERROR - Error writing to trades table: Object of type Timestamp is not JSON serializable
2024-01-26 12:23:50 - INFO - RSS Service Complete at 2024-01-26T12:23:50.636664Z
2024-01-26 12:23:50 - ERROR - Error writing to trades table: Object of type Timestamp is not JSON serializable
2024-01-26 12:23:50 - INFO - RSS Service Complete at 2024-01-26T12:23:50.713467Z
2024-01-26 12:23:50 - ERROR - Error writing to trades table: Object of type Timestamp is not JSON serializable
2024-01-26 12:23:50 - INFO - RSS Service Complete at 2024-01-26T12:23:50.772548Z
2024-01-26 12:23:50 - ERROR - Error writing to trades table: Object of type Timestamp is not JSON serializable
2024-01-26 12:23:50 - INFO - RSS Service Complete at 2024-01-26T12:23:50.892122Z
2024-01-26 12:23:50 - ERROR - Error writing to trades table: Object of type Timestamp is not JSON serializable
2024-01-26 12:23:50 - INFO - RSS Service Complete at 2024-01-26T12:23:50.968096Z
2024-01-26 12:23:51 - ERROR - Error writing to trades table: Object of type Timestamp is not JSON serializable
2024-01-26 12:23:51 - INFO - RSS Service Complete at 2024-01-26T12:23:51.039547Z
2024-01-26 12:23:51 - ERROR - Error writing to trades table: Object of type Timestamp is not JSON serializable
2024-01-26 12:23:51 - INFO - RSS Service Complete at 2024-01-26T12:23:51.152692Z
2024-01-26 12:23:51 - ERROR - Error writing to trades table: Object of type Timestamp is not JSON serializable
2024-01-26 12:23:51 - INFO - RSS Service Complete at 2024-01-26T12:23:51.234641Z
2024-01-26 12:23:51 - ERROR - Error writing to trades table: Object of type Timestamp is not JSON serializable
2024-01-26 12:23:51 - INFO - RSS Service Complete at 2024-01-26T12:23:51.299641Z
2024-01-26 12:23:51 - ERROR - Error writing to trades table: Object of type Timestamp is not JSON serializable
2024-01-26 12:23:51 - INFO - RSS Service Complete at 2024-01-26T12:23:51.349190Z
2024-01-26 12:23:51 - ERROR - Error writing to trades table: Object of type Timestamp is not JSON serializable
2024-01-26 12:23:51 - INFO - RSS Service Complete at 2024-01-26T12:23:51.405356Z
2024-01-26 12:23:51 - ERROR - Error writing to trades table: Object of type Timestamp is not JSON serializable
2024-01-26 12:23:51 - INFO - RSS Service Complete at 2024-01-26T12:23:51.456501Z
2024-01-26 12:23:51 - ERROR - Error writing to trades table: Object of type Timestamp is not JSON serializable
2024-01-26 12:23:51 - INFO - RSS Service Complete at 2024-01-26T12:23:51.507522Z
2024-01-26 12:23:51 - ERROR - Error writing to trades table: Object of type Timestamp is not JSON serializable
2024-01-26 12:23:51 - INFO - RSS Service Complete at 2024-01-26T12:23:51.565462Z
2024-01-26 12:23:51 - ERROR - Error writing to trades table: Object of type Timestamp is not JSON serializable
2024-01-26 12:23:51 - INFO - RSS Service Complete at 2024-01-26T12:23:51.710066Z
2024-01-26 12:23:51 - ERROR - Error writing to trades table: Object of type Timestamp is not JSON serializable
2024-01-26 12:23:51 - INFO - RSS Service Complete at 2024-01-26T12:23:51.759930Z
2024-01-26 12:23:51 - ERROR - Error writing to trades table: Object of type Timestamp is not JSON serializable
2024-01-26 12:23:51 - INFO - RSS Service Complete at 2024-01-26T12:23:51.809123Z
2024-01-26 12:23:51 - ERROR - Error writing to trades table: Object of type Timestamp is not JSON serializable
2024-01-26 12:23:51 - INFO - RSS Service Complete at 2024-01-26T12:23:51.860684Z
2024-01-26 12:23:51 - ERROR - Error writing to trades table: Object of type Timestamp is not JSON serializable
2024-01-26 12:23:51 - INFO - RSS Service Complete at 2024-01-26T12:23:51.922043Z
2024-01-26 12:23:51 - ERROR - Error writing to trades table: Object of type Timestamp is not JSON serializable
2024-01-26 12:23:51 - INFO - RSS Service Complete at 2024-01-26T12:23:51.970246Z
2024-01-26 12:23:52 - ERROR - Error writing to trades table: Object of type Timestamp is not JSON serializable
2024-01-26 12:23:52 - INFO - RSS Service Complete at 2024-01-26T12:23:52.018886Z
2024-01-26 12:23:52 - ERROR - Error writing to trades table: Object of type Timestamp is not JSON serializable
2024-01-26 12:23:52 - INFO - RSS Service Complete at 2024-01-26T12:23:52.082327Z
2024-01-26 12:23:52 - ERROR - Error writing to trades table: Object of type Timestamp is not JSON serializable
2024-01-26 12:23:52 - INFO - RSS Service Complete at 2024-01-26T12:23:52.210746Z
2024-01-26 12:23:52 - ERROR - Error writing to trades table: Object of type Timestamp is not JSON serializable
2024-01-26 12:23:52 - INFO - RSS Service Complete at 2024-01-26T12:23:52.263092Z
2024-01-26 12:23:52 - ERROR - Error writing to trades table: Object of type Timestamp is not JSON serializable
2024-01-26 12:23:52 - INFO - RSS Service Complete at 2024-01-26T12:23:52.329244Z
2024-01-26 12:23:52 - ERROR - Error writing to trades table: Object of type Timestamp is not JSON serializable
2024-01-26 12:23:52 - INFO - RSS Service Complete at 2024-01-26T12:23:52.392023Z
2024-01-26 12:23:52 - ERROR - Error writing to trades table: Object of type Timestamp is not JSON serializable
2024-01-26 12:23:52 - INFO - RSS Service Complete at 2024-01-26T12:23:52.453413Z
2024-01-26 12:23:52 - ERROR - Error writing to trades table: Object of type Timestamp is not JSON serializable
2024-01-26 12:23:52 - INFO - RSS Service Complete at 2024-01-26T12:23:52.527284Z
2024-01-26 12:23:52 - INFO - WRITTEN
2024-01-26 12:25:27 - ERROR - Error writing to trades table: {'code': '22007', 'details': None, 'hint': None, 'message': 'invalid input syntax for type timestamp with time zone: "2024-01-25T20:59:00+00:00Z"'}
2024-01-26 12:25:27 - INFO - RSS Service Complete at 2024-01-26T12:25:26.968895Z
2024-01-26 12:25:27 - ERROR - Error writing to trades table: {'code': '22007', 'details': None, 'hint': None, 'message': 'invalid input syntax for type timestamp with time zone: "2024-01-25T20:59:00+00:00Z"'}
2024-01-26 12:25:27 - INFO - RSS Service Complete at 2024-01-26T12:25:27.287887Z
2024-01-26 12:25:27 - ERROR - Error writing to trades table: {'code': '22007', 'details': None, 'hint': None, 'message': 'invalid input syntax for type timestamp with time zone: "2024-01-25T20:59:00+00:00Z"'}
2024-01-26 12:25:27 - INFO - RSS Service Complete at 2024-01-26T12:25:27.405763Z
2024-01-26 12:25:27 - ERROR - Error writing to trades table: {'code': '22007', 'details': None, 'hint': None, 'message': 'invalid input syntax for type timestamp with time zone: "2024-01-25T20:59:00+00:00Z"'}
2024-01-26 12:25:27 - INFO - RSS Service Complete at 2024-01-26T12:25:27.697848Z
2024-01-26 12:25:27 - ERROR - Error writing to trades table: {'code': '22007', 'details': None, 'hint': None, 'message': 'invalid input syntax for type timestamp with time zone: "2024-01-25T20:59:00+00:00Z"'}
2024-01-26 12:25:27 - INFO - RSS Service Complete at 2024-01-26T12:25:27.869509Z
2024-01-26 12:25:28 - ERROR - Error writing to trades table: {'code': '22007', 'details': None, 'hint': None, 'message': 'invalid input syntax for type timestamp with time zone: "2024-01-25T20:59:00+00:00Z"'}
2024-01-26 12:25:28 - INFO - RSS Service Complete at 2024-01-26T12:25:28.006833Z
2024-01-26 12:25:28 - ERROR - Error writing to trades table: {'code': '22007', 'details': None, 'hint': None, 'message': 'invalid input syntax for type timestamp with time zone: "2024-01-25T20:59:00+00:00Z"'}
2024-01-26 12:25:28 - INFO - RSS Service Complete at 2024-01-26T12:25:28.173505Z
2024-01-26 12:25:28 - ERROR - Error writing to trades table: {'code': '22007', 'details': None, 'hint': None, 'message': 'invalid input syntax for type timestamp with time zone: "2024-01-25T20:59:00+00:00Z"'}
2024-01-26 12:25:28 - INFO - RSS Service Complete at 2024-01-26T12:25:28.315060Z
2024-01-26 12:25:28 - ERROR - Error writing to trades table: {'code': '22007', 'details': None, 'hint': None, 'message': 'invalid input syntax for type timestamp with time zone: "2024-01-25T20:59:00+00:00Z"'}
2024-01-26 12:25:28 - INFO - RSS Service Complete at 2024-01-26T12:25:28.445883Z
2024-01-26 12:25:28 - ERROR - Error writing to trades table: {'code': '22007', 'details': None, 'hint': None, 'message': 'invalid input syntax for type timestamp with time zone: "2024-01-25T20:59:00+00:00Z"'}
2024-01-26 12:25:28 - INFO - RSS Service Complete at 2024-01-26T12:25:28.561887Z
2024-01-26 12:25:28 - ERROR - Error writing to trades table: {'code': '22007', 'details': None, 'hint': None, 'message': 'invalid input syntax for type timestamp with time zone: "2024-01-25T20:59:00+00:00Z"'}
2024-01-26 12:25:28 - INFO - RSS Service Complete at 2024-01-26T12:25:28.771484Z
2024-01-26 12:25:28 - ERROR - Error writing to trades table: {'code': '22007', 'details': None, 'hint': None, 'message': 'invalid input syntax for type timestamp with time zone: "2024-01-25T20:59:00+00:00Z"'}
2024-01-26 12:25:28 - INFO - RSS Service Complete at 2024-01-26T12:25:28.912636Z
2024-01-26 12:25:29 - ERROR - Error writing to trades table: {'code': '22007', 'details': None, 'hint': None, 'message': 'invalid input syntax for type timestamp with time zone: "2024-01-25T20:59:00+00:00Z"'}
2024-01-26 12:25:29 - INFO - RSS Service Complete at 2024-01-26T12:25:29.047147Z
2024-01-26 12:25:29 - ERROR - Error writing to trades table: {'code': '22007', 'details': None, 'hint': None, 'message': 'invalid input syntax for type timestamp with time zone: "2024-01-25T20:59:00+00:00Z"'}
2024-01-26 12:25:29 - INFO - RSS Service Complete at 2024-01-26T12:25:29.203138Z
2024-01-26 12:25:29 - ERROR - Error writing to trades table: {'code': '22007', 'details': None, 'hint': None, 'message': 'invalid input syntax for type timestamp with time zone: "2024-01-25T20:59:00+00:00Z"'}
2024-01-26 12:25:29 - INFO - RSS Service Complete at 2024-01-26T12:25:29.344456Z
2024-01-26 12:25:29 - ERROR - Error writing to trades table: {'code': '22007', 'details': None, 'hint': None, 'message': 'invalid input syntax for type timestamp with time zone: "2024-01-25T20:59:00+00:00Z"'}
2024-01-26 12:25:29 - INFO - RSS Service Complete at 2024-01-26T12:25:29.450955Z
2024-01-26 12:25:29 - ERROR - Error writing to trades table: {'code': '22007', 'details': None, 'hint': None, 'message': 'invalid input syntax for type timestamp with time zone: "2024-01-25T20:59:00+00:00Z"'}
2024-01-26 12:25:29 - INFO - RSS Service Complete at 2024-01-26T12:25:29.590814Z
2024-01-26 12:25:29 - ERROR - Error writing to trades table: {'code': '22007', 'details': None, 'hint': None, 'message': 'invalid input syntax for type timestamp with time zone: "2024-01-25T20:59:00+00:00Z"'}
2024-01-26 12:25:29 - INFO - RSS Service Complete at 2024-01-26T12:25:29.792934Z
2024-01-26 12:25:29 - ERROR - Error writing to trades table: {'code': '22007', 'details': None, 'hint': None, 'message': 'invalid input syntax for type timestamp with time zone: "2024-01-25T20:59:00+00:00Z"'}
2024-01-26 12:25:29 - INFO - RSS Service Complete at 2024-01-26T12:25:29.889792Z
2024-01-26 12:25:30 - ERROR - Error writing to trades table: {'code': '22007', 'details': None, 'hint': None, 'message': 'invalid input syntax for type timestamp with time zone: "2024-01-25T20:59:00+00:00Z"'}
2024-01-26 12:25:30 - INFO - RSS Service Complete at 2024-01-26T12:25:30.007276Z
2024-01-26 12:25:30 - ERROR - Error writing to trades table: {'code': '22007', 'details': None, 'hint': None, 'message': 'invalid input syntax for type timestamp with time zone: "2024-01-25T20:59:00+00:00Z"'}
2024-01-26 12:25:30 - INFO - RSS Service Complete at 2024-01-26T12:25:30.228686Z
2024-01-26 12:25:30 - ERROR - Error writing to trades table: {'code': '22007', 'details': None, 'hint': None, 'message': 'invalid input syntax for type timestamp with time zone: "2024-01-25T20:59:00+00:00Z"'}
2024-01-26 12:25:30 - INFO - RSS Service Complete at 2024-01-26T12:25:30.340495Z
2024-01-26 12:25:30 - ERROR - Error writing to trades table: {'code': '22007', 'details': None, 'hint': None, 'message': 'invalid input syntax for type timestamp with time zone: "2024-01-25T20:59:00+00:00Z"'}
2024-01-26 12:25:30 - INFO - RSS Service Complete at 2024-01-26T12:25:30.451850Z
2024-01-26 12:25:30 - ERROR - Error writing to trades table: {'code': '22007', 'details': None, 'hint': None, 'message': 'invalid input syntax for type timestamp with time zone: "2024-01-25T20:59:00+00:00Z"'}
2024-01-26 12:25:30 - INFO - RSS Service Complete at 2024-01-26T12:25:30.565405Z
2024-01-26 12:25:30 - ERROR - Error writing to trades table: {'code': '22007', 'details': None, 'hint': None, 'message': 'invalid input syntax for type timestamp with time zone: "2024-01-25T20:59:00+00:00Z"'}
2024-01-26 12:25:30 - INFO - RSS Service Complete at 2024-01-26T12:25:30.749086Z
2024-01-26 12:25:31 - ERROR - Error writing to trades table: {'code': '22007', 'details': None, 'hint': None, 'message': 'invalid input syntax for type timestamp with time zone: "2024-01-25T20:59:00+00:00Z"'}
2024-01-26 12:25:31 - INFO - RSS Service Complete at 2024-01-26T12:25:31.026958Z
2024-01-26 12:25:31 - ERROR - Error writing to trades table: {'code': '22007', 'details': None, 'hint': None, 'message': 'invalid input syntax for type timestamp with time zone: "2024-01-25T20:59:00+00:00Z"'}
2024-01-26 12:25:31 - INFO - RSS Service Complete at 2024-01-26T12:25:31.148841Z
2024-01-26 12:25:31 - ERROR - Error writing to trades table: {'code': '22007', 'details': None, 'hint': None, 'message': 'invalid input syntax for type timestamp with time zone: "2024-01-25T20:59:00+00:00Z"'}
2024-01-26 12:25:31 - INFO - RSS Service Complete at 2024-01-26T12:25:31.319841Z
2024-01-26 12:25:31 - ERROR - Error writing to trades table: {'code': '22007', 'details': None, 'hint': None, 'message': 'invalid input syntax for type timestamp with time zone: "2024-01-25T20:59:00+00:00Z"'}
2024-01-26 12:25:31 - INFO - RSS Service Complete at 2024-01-26T12:25:31.452966Z
2024-01-26 12:25:31 - ERROR - Error writing to trades table: {'code': '22007', 'details': None, 'hint': None, 'message': 'invalid input syntax for type timestamp with time zone: "2024-01-25T20:59:00+00:00Z"'}
2024-01-26 12:25:31 - INFO - RSS Service Complete at 2024-01-26T12:25:31.555122Z
2024-01-26 12:25:31 - INFO - WRITTEN
2024-01-26 12:29:01 - INFO - RSS Service Complete at 2024-01-26T12:29:01.724904Z
2024-01-26 12:29:02 - INFO - RSS Service Complete at 2024-01-26T12:29:02.091635Z
2024-01-26 12:29:02 - INFO - RSS Service Complete at 2024-01-26T12:29:02.238650Z
2024-01-26 12:29:02 - INFO - RSS Service Complete at 2024-01-26T12:29:02.432292Z
2024-01-26 12:29:02 - INFO - RSS Service Complete at 2024-01-26T12:29:02.599955Z
2024-01-26 12:29:02 - INFO - RSS Service Complete at 2024-01-26T12:29:02.722813Z
2024-01-26 12:29:02 - INFO - RSS Service Complete at 2024-01-26T12:29:02.829819Z
2024-01-26 12:29:03 - INFO - RSS Service Complete at 2024-01-26T12:29:02.947696Z
2024-01-26 12:29:03 - INFO - RSS Service Complete at 2024-01-26T12:29:03.142682Z
2024-01-26 12:29:03 - INFO - RSS Service Complete at 2024-01-26T12:29:03.271736Z
2024-01-26 12:29:03 - INFO - RSS Service Complete at 2024-01-26T12:29:03.530836Z
2024-01-26 12:29:03 - INFO - RSS Service Complete at 2024-01-26T12:29:03.743343Z
2024-01-26 12:29:04 - INFO - RSS Service Complete at 2024-01-26T12:29:03.851616Z
2024-01-26 12:29:04 - INFO - RSS Service Complete at 2024-01-26T12:29:04.166836Z
2024-01-26 12:29:04 - INFO - RSS Service Complete at 2024-01-26T12:29:04.266534Z
2024-01-26 12:29:04 - INFO - RSS Service Complete at 2024-01-26T12:29:04.387469Z
2024-01-26 12:29:04 - INFO - RSS Service Complete at 2024-01-26T12:29:04.530956Z
2024-01-26 12:29:04 - INFO - RSS Service Complete at 2024-01-26T12:29:04.705265Z
2024-01-26 12:29:04 - INFO - RSS Service Complete at 2024-01-26T12:29:04.824057Z
2024-01-26 12:29:05 - INFO - RSS Service Complete at 2024-01-26T12:29:04.949128Z
2024-01-26 12:29:05 - INFO - RSS Service Complete at 2024-01-26T12:29:05.262483Z
2024-01-26 12:29:05 - INFO - RSS Service Complete at 2024-01-26T12:29:05.373938Z
2024-01-26 12:29:05 - INFO - RSS Service Complete at 2024-01-26T12:29:05.472119Z
2024-01-26 12:29:05 - INFO - RSS Service Complete at 2024-01-26T12:29:05.600619Z
2024-01-26 12:29:05 - INFO - RSS Service Complete at 2024-01-26T12:29:05.821235Z
2024-01-26 12:29:05 - INFO - RSS Service Complete at 2024-01-26T12:29:05.931255Z
2024-01-26 12:29:06 - INFO - RSS Service Complete at 2024-01-26T12:29:06.047780Z
2024-01-26 12:29:06 - INFO - RSS Service Complete at 2024-01-26T12:29:06.227915Z
2024-01-26 12:29:06 - INFO - RSS Service Complete at 2024-01-26T12:29:06.337719Z
2024-01-26 12:29:06 - INFO - RSS Service Complete at 2024-01-26T12:29:06.455052Z
2024-01-26 12:29:06 - INFO - WRITTEN
2024-01-26 12:29:51 - INFO - RSS Service Complete at 2024-01-26T12:29:51.335754Z
2024-01-26 12:29:51 - INFO - RSS Service Complete at 2024-01-26T12:29:51.561190Z
2024-01-26 12:29:51 - INFO - RSS Service Complete at 2024-01-26T12:29:51.801472Z
2024-01-26 12:29:52 - INFO - RSS Service Complete at 2024-01-26T12:29:51.987286Z
2024-01-26 12:29:52 - INFO - RSS Service Complete at 2024-01-26T12:29:52.125035Z
2024-01-26 12:29:52 - INFO - RSS Service Complete at 2024-01-26T12:29:52.325313Z
2024-01-26 12:29:52 - INFO - RSS Service Complete at 2024-01-26T12:29:52.509624Z
2024-01-26 12:29:52 - INFO - RSS Service Complete at 2024-01-26T12:29:52.647282Z
2024-01-26 12:29:52 - INFO - RSS Service Complete at 2024-01-26T12:29:52.823362Z
2024-01-26 12:29:53 - INFO - RSS Service Complete at 2024-01-26T12:29:52.933992Z
2024-01-26 12:29:53 - INFO - RSS Service Complete at 2024-01-26T12:29:53.101408Z
2024-01-26 12:29:53 - INFO - RSS Service Complete at 2024-01-26T12:29:53.207265Z
2024-01-26 12:29:53 - INFO - RSS Service Complete at 2024-01-26T12:29:53.388181Z
2024-01-26 12:29:53 - INFO - RSS Service Complete at 2024-01-26T12:29:53.608040Z
2024-01-26 12:29:53 - INFO - RSS Service Complete at 2024-01-26T12:29:53.737668Z
2024-01-26 12:29:54 - INFO - RSS Service Complete at 2024-01-26T12:29:53.934620Z
2024-01-26 12:29:54 - INFO - RSS Service Complete at 2024-01-26T12:29:54.125265Z
2024-01-26 12:29:54 - INFO - RSS Service Complete at 2024-01-26T12:29:54.294546Z
2024-01-26 12:29:54 - INFO - RSS Service Complete at 2024-01-26T12:29:54.499736Z
2024-01-26 12:29:54 - INFO - RSS Service Complete at 2024-01-26T12:29:54.689994Z
2024-01-26 12:29:54 - INFO - RSS Service Complete at 2024-01-26T12:29:54.827416Z
2024-01-26 12:29:55 - INFO - RSS Service Complete at 2024-01-26T12:29:55.008057Z
2024-01-26 12:29:55 - INFO - RSS Service Complete at 2024-01-26T12:29:55.161585Z
2024-01-26 12:29:55 - INFO - RSS Service Complete at 2024-01-26T12:29:55.265991Z
2024-01-26 12:29:55 - INFO - RSS Service Complete at 2024-01-26T12:29:55.446068Z
2024-01-26 12:29:55 - INFO - RSS Service Complete at 2024-01-26T12:29:55.543527Z
2024-01-26 12:29:56 - INFO - RSS Service Complete at 2024-01-26T12:29:55.773653Z
2024-01-26 12:29:56 - INFO - RSS Service Complete at 2024-01-26T12:29:56.180005Z
2024-01-26 12:29:56 - INFO - RSS Service Complete at 2024-01-26T12:29:56.318050Z
2024-01-26 12:29:56 - INFO - RSS Service Complete at 2024-01-26T12:29:56.502390Z
2024-01-26 12:29:56 - INFO - WRITTEN
2024-01-26 13:15:43 - WARNING -     Look at my eyes    
2024-01-26 13:15:43 - WARNING -     Look at my eyes    
2024-01-26 13:15:52 - WARNING - Look at my eyes    
2024-01-26 13:15:55 - WARNING - ********Look at my eyes    
2024-01-26 13:15:56 - WARNING - Look at my eyes    
2024-01-26 13:15:59 - WARNING - Look at my eyes
2024-01-26 13:16:05 - WARNING - Look at my eyes 
2024-01-26 13:16:06 - WARNING - Look at my eyes
2024-01-26 13:16:08 - WARNING - Look at my eyes
